{"name": "test_Credkart_login_002", "status": "broken", "statusDetails": {"message": "selenium.common.exceptions.NoSuchElementException: Message: no such element: Unable to locate element: {\"method\":\"css selector\",\"selector\":\"[id=\"email\"]\"}\n  (Session info: chrome=144.0.7559.133); For documentation on this error, please visit: https://www.selenium.dev/documentation/webdriver/troubleshooting/errors#nosuchelementexception\nStacktrace:\nSymbols not available. Dumping unresolved backtrace:\n\t0x7ff7f7f488d5\n\t0x7ff7f7f48930\n\t0x7ff7f7d2165d\n\t0x7ff7f7d79a33\n\t0x7ff7f7d79d3c\n\t0x7ff7f7dcdf67\n\t0x7ff7f7dcac97\n\t0x7ff7f7d6ac29\n\t0x7ff7f7d6ba93\n\t0x7ff7f8260620\n\t0x7ff7f825af60\n\t0x7ff7f82796c6\n\t0x7ff7f7f65dd4\n\t0x7ff7f7f6ed7c\n\t0x7ff7f7f51ff4\n\t0x7ff7f7f521a5\n\t0x7ff7f7f37ed2\n\t0x7ffe73c7e8d7\n\t0x7ffe7496c40c", "trace": "self = <testCases.test_Credkart_User_001.Test_User_Profile object at 0x000002204246F250>\n\n    @pytest.mark.smoke\n    @pytest.mark.flaky(reruns=1, reruns_delay=1)\n    @pytest.mark.order(2)\n    def test_Credkart_login_002(self):\n    \n        self.log.info(\"TestCase test_Credkart_login_002 is started\")\n        self.driver.get(self.login_url)\n        self.log.info(f\"Opening Browser and getting {self.login_url}\")\n    \n        # email_id = \"Credencetest@test.com\"\n        # pass_word = \"Credence@123\"\n        self.lp = Login_Page_Class(self.driver) # login page class object& now we can access the methods\n    \n    \n        # Enter Username\n    \n        # email = self.driver.find_element(By.XPATH, \"//input[@id='email']\")\n        # email.send_keys(email_id)\n        self.log.info(f\"Entering the Email address {self.email}\")\n>       self.lp.Enter_Email(self.email)\n\ntestCases\\test_Credkart_User_001.py:73: \n_ _ _ _ _ _ _ _ _ _ _ _ _ _ _ _ _ _ _ _ _ _ _ _ _ _ _ _ _ _ _ _ _ _ _ _ _ _ _ _\npageObjects\\Login_Page.py:19: in Enter_Email\n    self.driver.find_element(By.ID, self.text_email_id).send_keys(email)\n    ^^^^^^^^^^^^^^^^^^^^^^^^^^^^^^^^^^^^^^^^^^^^^^^^^^^\n.venv\\Lib\\site-packages\\selenium\\webdriver\\remote\\webdriver.py:802: in find_element\n    return self.execute(Command.FIND_ELEMENT, {\"using\": by, \"value\": value})[\"value\"]\n           ^^^^^^^^^^^^^^^^^^^^^^^^^^^^^^^^^^^^^^^^^^^^^^^^^^^^^^^^^^^^^^^^^\n.venv\\Lib\\site-packages\\selenium\\webdriver\\remote\\webdriver.py:432: in execute\n    self.error_handler.check_response(response)\n_ _ _ _ _ _ _ _ _ _ _ _ _ _ _ _ _ _ _ _ _ _ _ _ _ _ _ _ _ _ _ _ _ _ _ _ _ _ _ _\n\nself = <selenium.webdriver.remote.errorhandler.ErrorHandler object at 0x000002204355E270>\nresponse = {'status': 404, 'value': '{\"value\":{\"error\":\"no such element\",\"message\":\"no such element: Unable to locate element: {\\...ff7f7f6ed7c\\\\n\\\\t0x7ff7f7f51ff4\\\\n\\\\t0x7ff7f7f521a5\\\\n\\\\t0x7ff7f7f37ed2\\\\n\\\\t0x7ffe73c7e8d7\\\\n\\\\t0x7ffe7496c40c\\\\n\"}}'}\n\n    def check_response(self, response: dict[str, Any]) -> None:\n        \"\"\"Check that a JSON response from the WebDriver does not have an error.\n    \n        Args:\n            response: The JSON response from the WebDriver server as a dictionary\n                object.\n    \n        Raises:\n            WebDriverException: If the response contains an error message.\n        \"\"\"\n        status = response.get(\"status\", None)\n        if not status or status == ErrorCode.SUCCESS:\n            return\n        value = None\n        message = response.get(\"message\", \"\")\n        screen: str = response.get(\"screen\", \"\")\n        stacktrace = None\n        if isinstance(status, int):\n            value_json = response.get(\"value\", None)\n            if value_json and isinstance(value_json, str):\n                try:\n                    value = json.loads(value_json)\n                    if isinstance(value, dict):\n                        if len(value) == 1:\n                            value = value[\"value\"]\n                        status = value.get(\"error\", None)\n                        if not status:\n                            status = value.get(\"status\", ErrorCode.UNKNOWN_ERROR)\n                            message = value.get(\"value\") or value.get(\"message\")\n                            if not isinstance(message, str):\n                                value = message\n                                message = message.get(\"message\") if isinstance(message, dict) else None\n                        else:\n                            message = value.get(\"message\", None)\n                except ValueError:\n                    pass\n    \n        exception_class: type[WebDriverException]\n        e = ErrorCode()\n        error_codes = [item for item in dir(e) if not item.startswith(\"__\")]\n        for error_code in error_codes:\n            error_info = getattr(ErrorCode, error_code)\n            if isinstance(error_info, list) and status in error_info:\n                exception_class = getattr(ExceptionMapping, error_code, WebDriverException)\n                break\n        else:\n            exception_class = WebDriverException\n    \n        if not value:\n            value = response[\"value\"]\n        if isinstance(value, str):\n            raise exception_class(value)\n        if message == \"\" and \"message\" in value:\n            message = value[\"message\"]\n    \n        screen = None  # type: ignore[assignment]\n        if \"screen\" in value:\n            screen = value[\"screen\"]\n    \n        stacktrace = None\n        st_value = value.get(\"stackTrace\") or value.get(\"stacktrace\")\n        if st_value:\n            if isinstance(st_value, str):\n                stacktrace = st_value.split(\"\\n\")\n            else:\n                stacktrace = []\n                try:\n                    for frame in st_value:\n                        line = frame.get(\"lineNumber\", \"\")\n                        file = frame.get(\"fileName\", \"<anonymous>\")\n                        if line:\n                            file = f\"{file}:{line}\"\n                        meth = frame.get(\"methodName\", \"<anonymous>\")\n                        if \"className\" in frame:\n                            meth = f\"{frame['className']}.{meth}\"\n                        msg = \"    at %s (%s)\"\n                        msg = msg % (meth, file)\n                        stacktrace.append(msg)\n                except TypeError:\n                    pass\n        if exception_class == UnexpectedAlertPresentException:\n            alert_text = None\n            if \"data\" in value:\n                alert_text = value[\"data\"].get(\"text\")\n            elif \"alert\" in value:\n                alert_text = value[\"alert\"].get(\"text\")\n            raise exception_class(message, screen, stacktrace, alert_text)  # type: ignore[call-arg]  # mypy is not smart enough here\n>       raise exception_class(message, screen, stacktrace)\nE       selenium.common.exceptions.NoSuchElementException: Message: no such element: Unable to locate element: {\"method\":\"css selector\",\"selector\":\"[id=\"email\"]\"}\nE         (Session info: chrome=144.0.7559.133); For documentation on this error, please visit: https://www.selenium.dev/documentation/webdriver/troubleshooting/errors#nosuchelementexception\nE       Stacktrace:\nE       Symbols not available. Dumping unresolved backtrace:\nE       \t0x7ff7f7f488d5\nE       \t0x7ff7f7f48930\nE       \t0x7ff7f7d2165d\nE       \t0x7ff7f7d79a33\nE       \t0x7ff7f7d79d3c\nE       \t0x7ff7f7dcdf67\nE       \t0x7ff7f7dcac97\nE       \t0x7ff7f7d6ac29\nE       \t0x7ff7f7d6ba93\nE       \t0x7ff7f8260620\nE       \t0x7ff7f825af60\nE       \t0x7ff7f82796c6\nE       \t0x7ff7f7f65dd4\nE       \t0x7ff7f7f6ed7c\nE       \t0x7ff7f7f51ff4\nE       \t0x7ff7f7f521a5\nE       \t0x7ff7f7f37ed2\nE       \t0x7ffe73c7e8d7\nE       \t0x7ffe7496c40c\n\n.venv\\Lib\\site-packages\\selenium\\webdriver\\remote\\errorhandler.py:232: NoSuchElementException"}, "attachments": [{"name": "log", "source": "301d5afe-e0c1-4efe-98f0-0078f7a4f57c-attachment.txt", "type": "text/plain"}, {"name": "stdout", "source": "c4f48e12-10aa-4ae2-a3d0-7e303437a6af-attachment.txt", "type": "text/plain"}], "start": 1770409317764, "stop": 1770409323160, "uuid": "dfe84bfc-100d-4c0b-a771-7607cee6f880", "historyId": "31f69a409fb24ab7b81cb25ae026b3dc", "testCaseId": "31f69a409fb24ab7b81cb25ae026b3dc", "fullName": "testCases.test_Credkart_User_001.Test_User_Profile#test_Credkart_login_002", "labels": [{"name": "tag", "value": "smoke"}, {"name": "parentSuite", "value": "testCases"}, {"name": "suite", "value": "test_Credkart_User_001"}, {"name": "subSuite", "value": "Test_User_Profile"}, {"name": "host", "value": "RAJANIKANT"}, {"name": "thread", "value": "3876-MainThread"}, {"name": "framework", "value": "pytest"}, {"name": "language", "value": "cpython3"}, {"name": "package", "value": "testCases.test_Credkart_User_001"}], "titlePath": ["testCases", "test_Credkart_User_001.py", "Test_User_Profile"]}